Case #1: 3 2
Case #2: 10 10
Case #3: 7 3
Case #4: 7 7
Case #5: 5 2
Case #6: 7 3
Case #7: 0 0
Case #8: 6 1
Case #9: 1 0
Case #10: 3 1
Case #11: 7 7
Case #12: 3 1
Case #13: 8 3
Case #14: 9 3
Case #15: 0 0
Case #16: 7 7
Case #17: 0 0
Case #18: 3 0
Case #19: 5 1
Case #20: 8 3
Case #21: 9 3
Case #22: 0 0
Case #23: 8 2
Case #24: 6 1
Case #25: 0 0
Case #26: 5 5
Case #27: 5 2
Case #28: 6 1
Case #29: 10 4
Case #30: 2 0
Case #31: 1 1
Case #32: 5 2
Case #33: 8 2
Case #34: 6 2
Case #35: 7 1
Case #36: 8 2
Case #37: 9 5
Case #38: 3 1
Case #39: 4 0
Case #40: 10 10
Case #41: 0 0
Case #42: 7 0
Case #43: 9 2
Case #44: 0 0
Case #45: 1 1
Case #46: 4 4
Case #47: 9 4
Case #48: 9 3
Case #49: 7 2
Case #50: 8 5
